<?xml version="1.0" encoding="UTF-8" ?>
<testsuite tests="23" failures="0" name="ca.paymentrails.paymentrails.PaymentRails_RecipientTest" time="2.476" errors="0" skipped="2">
  <properties>
    <property name="java.runtime.name" value="Java(TM) SE Runtime Environment"/>
    <property name="sun.boot.library.path" value="C:\Program Files\Java\jdk1.8.0_51\jre\bin"/>
    <property name="java.vm.version" value="25.51-b03"/>
    <property name="java.vm.vendor" value="Oracle Corporation"/>
    <property name="java.vendor.url" value="http://java.oracle.com/"/>
    <property name="path.separator" value=";"/>
    <property name="guice.disable.misplaced.annotation.check" value="true"/>
    <property name="java.vm.name" value="Java HotSpot(TM) 64-Bit Server VM"/>
    <property name="file.encoding.pkg" value="sun.io"/>
    <property name="user.script" value=""/>
    <property name="user.country" value="CA"/>
    <property name="sun.java.launcher" value="SUN_STANDARD"/>
    <property name="sun.os.patch.level" value=""/>
    <property name="test" value="ca.paymentrails.paymentrails.PaymentRails_RecipientTest"/>
    <property name="java.vm.specification.name" value="Java Virtual Machine Specification"/>
    <property name="user.dir" value="C:\Users\jesse\Desktop\Java SDK\paymentrails"/>
    <property name="java.runtime.version" value="1.8.0_51-b16"/>
    <property name="java.awt.graphicsenv" value="sun.awt.Win32GraphicsEnvironment"/>
    <property name="java.endorsed.dirs" value="C:\Program Files\Java\jdk1.8.0_51\jre\lib\endorsed"/>
    <property name="os.arch" value="amd64"/>
    <property name="java.io.tmpdir" value="C:\Users\jesse\AppData\Local\Temp\"/>
    <property name="line.separator" value="
"/>
    <property name="java.vm.specification.vendor" value="Oracle Corporation"/>
    <property name="user.variant" value=""/>
    <property name="os.name" value="Windows 8.1"/>
    <property name="maven.ext.class.path" value="C:\Program Files\NetBeans 8.2\java\maven-nblib\netbeans-eventspy.jar"/>
    <property name="classworlds.conf" value="C:\Program Files\NetBeans 8.2\java\maven\bin\m2.conf"/>
    <property name="sun.jnu.encoding" value="Cp1252"/>
    <property name="java.library.path" value="C:\Program Files\Java\jdk1.8.0_51\bin;C:\WINDOWS\Sun\Java\bin;C:\WINDOWS\system32;C:\WINDOWS;C:\ProgramData\Oracle\Java\javapath;C:\WINDOWS\system32;C:\WINDOWS;C:\WINDOWS\System32\Wbem;C:\WINDOWS\System32\WindowsPowerShell\v1.0\;C:\WINDOWS\system32\config\systemprofile\.dnx\bin;C:\Program Files\Microsoft DNX\Dnvm\;C:\Program Files\Git\cmd;C:\ProgramData\ComposerSetup\bin;C:\wamp64\bin\php\php7.0.10;C:\bin;C:\Program Files\nodejs\;C:\Go\bin;C:\Program Files (x86)\Windows Kits\8.1\Windows Performance Toolkit\;C:\dev\flyway-4.2.0;C:\Users\jesse\AppData\Local\Programs\Python\Python36-32\Scripts\;C:\Users\jesse\AppData\Local\Programs\Python\Python36-32\;C:\Users\jesse\AppData\Local\Microsoft\WindowsApps;C:\Users\jesse\AppData\Roaming\Composer\vendor\bin;C:\bin;C:\Users\jesse\AppData\Roaming\npm;C:\Hugo\bin\;C:\Program Files (x86)\Microsoft VS Code\bin;C:\Program Files\Docker Toolbox;C:\dev\flyway-4.2.0;;."/>
    <property name="java.specification.name" value="Java Platform API Specification"/>
    <property name="java.class.version" value="52.0"/>
    <property name="sun.management.compiler" value="HotSpot 64-Bit Tiered Compilers"/>
    <property name="os.version" value="6.3"/>
    <property name="user.home" value="C:\Users\jesse"/>
    <property name="user.timezone" value="America/New_York"/>
    <property name="java.awt.printerjob" value="sun.awt.windows.WPrinterJob"/>
    <property name="java.specification.version" value="1.8"/>
    <property name="file.encoding" value="UTF-8"/>
    <property name="user.name" value="Jesse"/>
    <property name="java.class.path" value="C:\Program Files\NetBeans 8.2\java\maven\boot\plexus-classworlds-2.4.jar"/>
    <property name="java.vm.specification.version" value="1.8"/>
    <property name="sun.arch.data.model" value="64"/>
    <property name="java.home" value="C:\Program Files\Java\jdk1.8.0_51\jre"/>
    <property name="sun.java.command" value="org.codehaus.plexus.classworlds.launcher.Launcher -Dtest=ca.paymentrails.paymentrails.PaymentRails_RecipientTest -Dmaven.ext.class.path=C:\Program Files\NetBeans 8.2\java\maven-nblib\netbeans-eventspy.jar -Dfile.encoding=UTF-8 surefire:test"/>
    <property name="java.specification.vendor" value="Oracle Corporation"/>
    <property name="user.language" value="en"/>
    <property name="awt.toolkit" value="sun.awt.windows.WToolkit"/>
    <property name="java.vm.info" value="mixed mode"/>
    <property name="java.version" value="1.8.0_51"/>
    <property name="java.ext.dirs" value="C:\Program Files\Java\jdk1.8.0_51\jre\lib\ext;C:\WINDOWS\Sun\Java\lib\ext"/>
    <property name="sun.boot.class.path" value="C:\Program Files\Java\jdk1.8.0_51\jre\lib\resources.jar;C:\Program Files\Java\jdk1.8.0_51\jre\lib\rt.jar;C:\Program Files\Java\jdk1.8.0_51\jre\lib\sunrsasign.jar;C:\Program Files\Java\jdk1.8.0_51\jre\lib\jsse.jar;C:\Program Files\Java\jdk1.8.0_51\jre\lib\jce.jar;C:\Program Files\Java\jdk1.8.0_51\jre\lib\charsets.jar;C:\Program Files\Java\jdk1.8.0_51\jre\lib\jfr.jar;C:\Program Files\Java\jdk1.8.0_51\jre\classes"/>
    <property name="java.vendor" value="Oracle Corporation"/>
    <property name="maven.home" value="C:\Program Files\NetBeans 8.2\java\maven"/>
    <property name="file.separator" value="\"/>
    <property name="java.vendor.url.bug" value="http://bugreport.sun.com/bugreport/"/>
    <property name="sun.cpu.endian" value="little"/>
    <property name="sun.io.unicode.encoding" value="UnicodeLittle"/>
    <property name="sun.desktop" value="windows"/>
    <property name="sun.cpu.isalist" value="amd64"/>
  </properties>
  <testcase classname="ca.paymentrails.paymentrails.PaymentRails_RecipientTest" name="testCreateRecipientInvalidAPIKey" time="0.083"/>
  <testcase classname="ca.paymentrails.paymentrails.PaymentRails_RecipientTest" name="testRetrieveAlLogsInvalidRecipientId" time="0.084"/>
  <testcase classname="ca.paymentrails.paymentrails.PaymentRails_RecipientTest" name="testRetrieveAllLogsInvalidAPIKey" time="0.04"/>
  <testcase classname="ca.paymentrails.paymentrails.PaymentRails_RecipientTest" name="testListAllRecipients" time="0.125"/>
  <testcase classname="ca.paymentrails.paymentrails.PaymentRails_RecipientTest" name="testDeleteRecipientInvalidAPIKey" time="0.009"/>
  <testcase classname="ca.paymentrails.paymentrails.PaymentRails_RecipientTest" name="testCreateRecipient" time="0.01">
    <skipped/>
  </testcase>
  <testcase classname="ca.paymentrails.paymentrails.PaymentRails_RecipientTest" name="testUpdateRecipientInvalidRecipientId" time="0.862"/>
  <testcase classname="ca.paymentrails.paymentrails.PaymentRails_RecipientTest" name="testListAllRecipientsInvalidAPIKey" time="0.005"/>
  <testcase classname="ca.paymentrails.paymentrails.PaymentRails_RecipientTest" name="testListAllRecipientsWithQueries" time="0.06"/>
  <testcase classname="ca.paymentrails.paymentrails.PaymentRails_RecipientTest" name="testRetrieveAlPaymentsInvalidRecipientId" time="0.041"/>
  <testcase classname="ca.paymentrails.paymentrails.PaymentRails_RecipientTest" name="testRetrieveAlLogs" time="0.184"/>
  <testcase classname="ca.paymentrails.paymentrails.PaymentRails_RecipientTest" name="testUpdateRecipientInvalidAPIKey" time="0.07"/>
  <testcase classname="ca.paymentrails.paymentrails.PaymentRails_RecipientTest" name="testRetrieveAlPayments" time="0.092"/>
  <testcase classname="ca.paymentrails.paymentrails.PaymentRails_RecipientTest" name="testUpdateRecipientInvalidField" time="0.02"/>
  <testcase classname="ca.paymentrails.paymentrails.PaymentRails_RecipientTest" name="testRetrieveRecipient" time="0.134"/>
  <testcase classname="ca.paymentrails.paymentrails.PaymentRails_RecipientTest" name="testRetrieveRecipientInvalidRecipientId" time="0.054"/>
  <testcase classname="ca.paymentrails.paymentrails.PaymentRails_RecipientTest" name="testCreateRecipientInvalidFieldValidation" time="0.032"/>
  <testcase classname="ca.paymentrails.paymentrails.PaymentRails_RecipientTest" name="testDeleteRecipientInvalidRecipientId" time="0.042"/>
  <testcase classname="ca.paymentrails.paymentrails.PaymentRails_RecipientTest" name="testRetrieveRecipientInvalidAPIKey" time="0.011"/>
  <testcase classname="ca.paymentrails.paymentrails.PaymentRails_RecipientTest" name="testCreateRecipientMissingField" time="0.026"/>
  <testcase classname="ca.paymentrails.paymentrails.PaymentRails_RecipientTest" name="testDeleteRecipient" time="0.026">
    <skipped/>
  </testcase>
  <testcase classname="ca.paymentrails.paymentrails.PaymentRails_RecipientTest" name="testRetrieveAlPaymentsInvalidAPIKey" time="0.013"/>
  <testcase classname="ca.paymentrails.paymentrails.PaymentRails_RecipientTest" name="testUpdateRecipient" time="0.174"/>
</testsuite>